<?xml version="1.0" encoding="UTF-8"?>
<!-- Generated by org.testng.reporters.JUnitXMLReporter -->
<testsuite hostname="DESKTOP-RKGN95B" ignored="0" name="Chrome Test" tests="3" failures="0" timestamp="17 Jul 2018 00:26:23 GMT" time="57.303" errors="0">
  <testcase name="createNewCustomer" time="10.796" classname="tests.DemoBankingFunctionsTest"/>
  <testcase name="createNewAccount" time="10.776" classname="tests.DemoBankingFunctionsTest"/>
  <testcase name="depositFunction" time="9.155" classname="tests.DemoBankingFunctionsTest"/>
</testsuite> <!-- Chrome Test -->
