<?xml version="1.0" encoding="UTF-8"?>
<testng-results skipped="0" failed="0" ignored="0" total="3" passed="3">
  <reporter-output>
  </reporter-output>
  <suite name="Bankink System Functions Suite" duration-ms="57303" started-at="2018-07-17T00:25:26Z" finished-at="2018-07-17T00:26:23Z">
    <groups>
    </groups>
    <test name="Chrome Test" duration-ms="57303" started-at="2018-07-17T00:25:26Z" finished-at="2018-07-17T00:26:23Z">
      <class name="tests.DemoBankingFunctionsTest">
        <test-method status="PASS" signature="deleteExistingFiles()[pri:0, instance:tests.DemoBankingFunctionsTest@35fb3008]" name="deleteExistingFiles" is-config="true" duration-ms="16" started-at="2018-07-17T00:25:26Z" finished-at="2018-07-17T00:25:26Z">
          <reporter-output>
          </reporter-output>
        </test-method> <!-- deleteExistingFiles -->
        <test-method status="PASS" signature="setUp(java.lang.String)[pri:0, instance:tests.DemoBankingFunctionsTest@35fb3008]" name="setUp" is-config="true" duration-ms="8919" started-at="2018-07-17T00:25:27Z" finished-at="2018-07-17T00:25:36Z">
          <params>
            <param index="0">
              <value>
                <![CDATA[chrome]]>
              </value>
            </param>
          </params>
          <reporter-output>
          </reporter-output>
        </test-method> <!-- setUp -->
        <test-method status="PASS" signature="createNewCustomer(java.lang.String, java.lang.String, java.lang.String, java.lang.String, java.lang.String, java.lang.String, java.lang.String, java.lang.String, java.lang.String)[pri:0, instance:tests.DemoBankingFunctionsTest@35fb3008]" name="createNewCustomer" duration-ms="10796" started-at="2018-07-17T00:25:36Z" data-provider="CustomerData" finished-at="2018-07-17T00:25:46Z">
          <params>
            <param index="0">
              <value>
                <![CDATA[EvanHC]]>
              </value>
            </param>
            <param index="1">
              <value>
                <![CDATA[09251985]]>
              </value>
            </param>
            <param index="2">
              <value>
                <![CDATA[52 Madden St]]>
              </value>
            </param>
            <param index="3">
              <value>
                <![CDATA[Phoenix]]>
              </value>
            </param>
            <param index="4">
              <value>
                <![CDATA[Arizona]]>
              </value>
            </param>
            <param index="5">
              <value>
                <![CDATA[123456]]>
              </value>
            </param>
            <param index="6">
              <value>
                <![CDATA[10236954]]>
              </value>
            </param>
            <param index="7">
              <value>
                <![CDATA[evanharvey@yahoo.com]]>
              </value>
            </param>
            <param index="8">
              <value>
                <![CDATA[zVkBTYzM]]>
              </value>
            </param>
          </params>
          <reporter-output>
          </reporter-output>
        </test-method> <!-- createNewCustomer -->
        <test-method status="PASS" signature="tearDown()[pri:0, instance:tests.DemoBankingFunctionsTest@35fb3008]" name="tearDown" is-config="true" duration-ms="731" started-at="2018-07-17T00:25:46Z" finished-at="2018-07-17T00:25:47Z">
          <reporter-output>
          </reporter-output>
        </test-method> <!-- tearDown -->
        <test-method status="PASS" signature="setUp(java.lang.String)[pri:0, instance:tests.DemoBankingFunctionsTest@35fb3008]" name="setUp" is-config="true" duration-ms="7312" started-at="2018-07-17T00:25:47Z" finished-at="2018-07-17T00:25:55Z">
          <params>
            <param index="0">
              <value>
                <![CDATA[chrome]]>
              </value>
            </param>
          </params>
          <reporter-output>
          </reporter-output>
        </test-method> <!-- setUp -->
        <test-method status="PASS" signature="createNewAccount()[pri:1, instance:tests.DemoBankingFunctionsTest@35fb3008]" name="createNewAccount" duration-ms="10776" started-at="2018-07-17T00:25:55Z" finished-at="2018-07-17T00:26:05Z">
          <reporter-output>
          </reporter-output>
        </test-method> <!-- createNewAccount -->
        <test-method status="PASS" signature="tearDown()[pri:0, instance:tests.DemoBankingFunctionsTest@35fb3008]" name="tearDown" is-config="true" duration-ms="719" started-at="2018-07-17T00:26:05Z" finished-at="2018-07-17T00:26:06Z">
          <reporter-output>
          </reporter-output>
        </test-method> <!-- tearDown -->
        <test-method status="PASS" signature="setUp(java.lang.String)[pri:0, instance:tests.DemoBankingFunctionsTest@35fb3008]" name="setUp" is-config="true" duration-ms="7416" started-at="2018-07-17T00:26:06Z" finished-at="2018-07-17T00:26:13Z">
          <params>
            <param index="0">
              <value>
                <![CDATA[chrome]]>
              </value>
            </param>
          </params>
          <reporter-output>
          </reporter-output>
        </test-method> <!-- setUp -->
        <test-method status="PASS" signature="depositFunction()[pri:2, instance:tests.DemoBankingFunctionsTest@35fb3008]" name="depositFunction" duration-ms="9155" started-at="2018-07-17T00:26:13Z" finished-at="2018-07-17T00:26:23Z">
          <reporter-output>
          </reporter-output>
        </test-method> <!-- depositFunction -->
        <test-method status="PASS" signature="tearDown()[pri:0, instance:tests.DemoBankingFunctionsTest@35fb3008]" name="tearDown" is-config="true" duration-ms="716" started-at="2018-07-17T00:26:23Z" finished-at="2018-07-17T00:26:23Z">
          <reporter-output>
          </reporter-output>
        </test-method> <!-- tearDown -->
      </class> <!-- tests.DemoBankingFunctionsTest -->
    </test> <!-- Chrome Test -->
  </suite> <!-- Bankink System Functions Suite -->
</testng-results>
